<?xml version="1.0" encoding="UTF-8"?>
<!-- Generated by org.testng.reporters.JUnitReportReporter -->
<testsuite hostname="DESKTOP-JNC398C" failures="0" tests="1" name="com.orangehrmtestcase.CheckTheAnotations" time="0.010" errors="0" timestamp="2024-09-28T21:34:17 IST" skipped="0">
  <testcase classname="com.orangehrmtestcase.CheckTheAnotations" name="T" time="0.010"/>
  <system-out/>
</testsuite> <!-- com.orangehrmtestcase.CheckTheAnotations -->
