<?xml version="1.0" encoding="UTF-8"?>
<!-- Generated by org.testng.reporters.JUnitReportReporter -->
<testsuite hostname="DESKTOP-JNC398C" failures="0" tests="2" name="com.onelot.testscripts.VerifyTheErrorMessage" time="-1728223488.000" errors="1" timestamp="2024-10-06T19:36:10 IST" skipped="1">
  <testcase classname="com.onelot.testscripts.VerifyTheErrorMessage" name="errorMessage" time="0.000">
    <skipped/>
  </testcase> <!-- errorMessage -->
  <system-out/>
  <testcase classname="com.onelot.testscripts.VerifyTheErrorMessage" name="launchBrowser" time="-1728223488.000">
    <error message="
Parameter &#039;browsers&#039; is required by BeforeTest on method launchBrowser but has not been marked @Optional or defined
in C:\Users\dell\eclipse-workspace\Onelot\crossbrowser.xml" type="org.testng.TestNGException">
      <![CDATA[org.testng.TestNGException: 
Parameter 'browsers' is required by BeforeTest on method launchBrowser but has not been marked @Optional or defined
in C:\Users\dell\eclipse-workspace\Onelot\crossbrowser.xml
at org.testng.internal.Parameters.createParams(Parameters.java:270)
at org.testng.internal.Parameters.createParametersForMethod(Parameters.java:358)
at org.testng.internal.Parameters.createParameters(Parameters.java:700)
at org.testng.internal.Parameters.createConfigurationParameters(Parameters.java:168)
at org.testng.internal.ConfigInvoker.invokeConfigurations(ConfigInvoker.java:302)
at org.testng.TestRunner.invokeTestConfigurations(TestRunner.java:637)
at org.testng.TestRunner.beforeRun(TestRunner.java:627)
at org.testng.TestRunner.run(TestRunner.java:589)
at org.testng.SuiteRunner.runTest(SuiteRunner.java:377)
at org.testng.SuiteRunner.access$000(SuiteRunner.java:28)
at org.testng.SuiteRunner$SuiteWorker.run(SuiteRunner.java:418)
at org.testng.internal.thread.ThreadUtil.lambda$execute$0(ThreadUtil.java:64)
at java.base/java.util.concurrent.FutureTask.run(FutureTask.java:264)
at java.base/java.util.concurrent.ThreadPoolExecutor.runWorker(ThreadPoolExecutor.java:1136)
at java.base/java.util.concurrent.ThreadPoolExecutor$Worker.run(ThreadPoolExecutor.java:635)
at java.base/java.lang.Thread.run(Thread.java:840)
]]>
    </error>
  </testcase> <!-- launchBrowser -->
  <system-out/>
</testsuite> <!-- com.onelot.testscripts.VerifyTheErrorMessage -->
