<?xml version="1.0" encoding="UTF-8"?>
<!-- Generated by org.testng.reporters.JUnitReportReporter -->
<testsuite hostname="DESKTOP-JNC398C" failures="0" tests="1" name="com.orangehrmtestcase.Onelot" time="9.957" errors="0" timestamp="2024-10-02T18:24:04 IST" skipped="0">
  <testcase classname="com.orangehrmtestcase.Onelot" name="fillDealesdetails" time="9.957"/>
  <system-out/>
</testsuite> <!-- com.orangehrmtestcase.Onelot -->
