<?xml version="1.0" encoding="UTF-8"?>
<!-- Generated by org.testng.reporters.JUnitReportReporter -->
<testsuite hostname="DESKTOP-JNC398C" failures="0" tests="1" name="com.orangehrmtestcase.ChekTheTeardown" time="62.672" errors="0" timestamp="2024-09-28T21:17:52 IST" skipped="0">
  <testcase classname="com.orangehrmtestcase.ChekTheTeardown" name="checktheteardown" time="62.672"/>
  <system-out/>
</testsuite> <!-- com.orangehrmtestcase.ChekTheTeardown -->
